2021-05-11 13:30:10 INFO  AuthorService:18 - Creating author
2021-05-11 13:30:10 INFO  AuthorService:38 - Reading author
2021-05-11 13:36:04 INFO  AuthorService:17 - Creating author
2021-05-11 13:36:04 INFO  AuthorService:36 - Reading author
2021-05-11 13:36:43 INFO  AuthorService:17 - Creating author
2021-05-11 13:37:29 INFO  AuthorService:36 - Reading author
2021-05-11 13:37:34 INFO  AuthorService:17 - Creating author
2021-05-11 13:37:34 INFO  AuthorService:36 - Reading author
2021-05-11 13:56:45 INFO  AuthorService:17 - Creating author
2021-05-11 13:56:45 INFO  AuthorService:36 - Reading author
2021-05-11 13:56:45 INFO  AuthorService:23 - Updating author
2021-05-11 13:56:45 INFO  AuthorService:36 - Reading author
2021-05-11 13:57:31 INFO  AuthorService:17 - Creating author
2021-05-11 13:58:03 INFO  AuthorService:17 - Creating author
2021-05-11 13:58:03 INFO  AuthorService:36 - Reading author
2021-05-11 13:58:03 INFO  AuthorService:23 - Updating author
2021-05-11 13:58:03 INFO  AuthorService:36 - Reading author
2021-05-11 13:58:27 INFO  AuthorService:17 - Creating author
2021-05-11 13:59:22 INFO  AuthorService:36 - Reading author
2021-05-11 13:59:30 INFO  AuthorService:23 - Updating author
2021-05-11 13:59:33 INFO  AuthorService:36 - Reading author
2021-05-11 14:01:38 INFO  AuthorService:17 - Creating author
2021-05-11 14:01:38 INFO  AuthorService:36 - Reading author
2021-05-11 14:01:38 INFO  AuthorService:23 - Updating author
2021-05-11 14:01:38 INFO  AuthorService:36 - Reading author
2021-05-11 14:02:13 INFO  AuthorService:17 - Creating author
2021-05-11 14:02:20 INFO  AuthorService:36 - Reading author
2021-05-11 14:02:20 INFO  AuthorService:23 - Updating author
2021-05-11 14:02:29 INFO  AuthorService:17 - Creating author
2021-05-11 14:02:33 INFO  AuthorService:36 - Reading author
2021-05-11 14:02:33 INFO  AuthorService:23 - Updating author
2021-05-11 14:02:33 INFO  AuthorService:36 - Reading author
2021-05-11 14:02:41 INFO  AuthorService:17 - Creating author
2021-05-11 14:02:48 INFO  AuthorService:36 - Reading author
2021-05-11 14:02:48 INFO  AuthorService:23 - Updating author
2021-05-11 14:02:48 INFO  AuthorService:36 - Reading author
2021-05-11 14:02:56 INFO  AuthorService:17 - Creating author
2021-05-11 14:02:56 INFO  AuthorService:36 - Reading author
2021-05-11 14:03:01 INFO  AuthorService:23 - Updating author
2021-05-11 14:03:33 INFO  AuthorService:17 - Creating author
2021-05-11 14:03:33 INFO  AuthorService:36 - Reading author
2021-05-11 14:03:35 INFO  AuthorService:23 - Updating author
2021-05-11 14:04:06 INFO  AuthorService:17 - Creating author
2021-05-11 14:04:06 INFO  AuthorService:36 - Reading author
2021-05-11 14:04:06 INFO  AuthorService:23 - Updating author
2021-05-11 14:04:06 INFO  AuthorService:36 - Reading author
2021-05-11 14:04:14 INFO  AuthorService:17 - Creating author
2021-05-11 14:04:14 INFO  AuthorService:36 - Reading author
2021-05-11 14:04:15 INFO  AuthorService:23 - Updating author
2021-05-11 14:04:15 INFO  AuthorService:36 - Reading author
2021-05-11 14:04:36 INFO  AuthorService:17 - Creating author
2021-05-11 14:04:36 INFO  AuthorService:36 - Reading author
2021-05-11 14:04:38 INFO  AuthorService:23 - Updating author
2021-05-11 14:06:17 INFO  AuthorService:36 - Reading author
2021-05-11 14:07:40 INFO  AuthorService:17 - Creating author
2021-05-11 14:07:40 INFO  AuthorService:36 - Reading author
2021-05-11 14:07:40 INFO  AuthorService:23 - Updating author
2021-05-11 14:07:40 INFO  AuthorService:36 - Reading author
2021-05-11 14:08:55 INFO  AuthorService:17 - Creating author
2021-05-11 14:08:56 INFO  AuthorService:36 - Reading author
2021-05-11 14:08:56 INFO  AuthorService:23 - Updating author
2021-05-11 14:08:56 INFO  AuthorService:36 - Reading author
2021-05-11 14:09:39 INFO  AuthorService:17 - Creating author
2021-05-11 14:09:39 INFO  AuthorService:36 - Reading author
2021-05-11 14:09:39 INFO  AuthorService:23 - Updating author
2021-05-11 14:09:39 INFO  AuthorService:36 - Reading author
2021-05-11 14:14:00 INFO  AuthorService:17 - Creating author
2021-05-11 14:14:00 INFO  AuthorService:36 - Reading author
2021-05-11 14:14:00 INFO  AuthorService:23 - Updating author
2021-05-11 14:14:00 INFO  AuthorService:36 - Reading author
2021-05-11 14:14:00 INFO  AuthorService:29 - Deleting author
2021-05-11 15:07:31 INFO  AuthorService:17 - Creating author
2021-05-11 15:07:31 INFO  AuthorService:36 - Reading author
2021-05-11 15:07:31 INFO  AuthorService:23 - Updating author
2021-05-11 15:07:31 INFO  AuthorService:36 - Reading author
2021-05-11 15:15:33 INFO  AuthorService:17 - Creating author
2021-05-11 15:15:33 INFO  AuthorService:36 - Reading author
2021-05-11 15:15:33 INFO  AuthorService:23 - Updating author
2021-05-11 15:15:33 INFO  AuthorService:36 - Reading author
2021-05-11 19:46:40 INFO  AuthorService:36 - Reading author
2021-05-11 20:07:25 INFO  BookService:17 - Creating book
2021-05-11 20:08:36 INFO  BookService:17 - Creating book
2021-05-11 20:09:16 INFO  BookService:17 - Creating book
2021-05-11 20:09:48 INFO  BookService:17 - Creating book
2021-05-11 20:14:34 INFO  BookService:17 - Creating book
2021-05-11 20:15:40 INFO  BookService:17 - Creating book
2021-05-11 20:17:58 INFO  BookService:17 - Creating book
2021-05-11 20:21:26 INFO  BookService:17 - Creating book
2021-05-11 20:23:33 INFO  BookService:17 - Creating book
2021-05-11 20:24:14 INFO  BookService:17 - Creating book
2021-05-11 20:26:02 INFO  BookService:17 - Creating book
2021-05-11 20:27:35 INFO  BookService:17 - Creating book
2021-05-11 20:29:39 INFO  BookService:17 - Creating book
2021-05-11 20:50:14 INFO  BookService:17 - Creating book
2021-05-11 20:51:08 INFO  BookService:17 - Creating book
2021-05-11 20:51:47 INFO  BookService:17 - Creating book
2021-05-11 20:53:19 INFO  BookService:17 - Creating book
2021-05-11 20:53:35 INFO  BookService:17 - Creating book
2021-05-11 20:54:04 INFO  BookService:17 - Creating book
2021-05-11 20:54:16 INFO  BookService:17 - Creating book
2021-05-12 13:39:20 INFO  AssociateService:18 - Creating association
2021-05-12 13:39:20 INFO  AssociateService:18 - Creating association
2021-05-12 13:39:20 INFO  AssociateService:18 - Creating association
2021-05-12 13:44:38 INFO  AssociateService:18 - Creating association
2021-05-12 13:44:38 INFO  AssociateService:18 - Creating association
2021-05-12 13:44:38 INFO  AssociateService:18 - Creating association
2021-05-12 13:45:32 INFO  AssociateService:47 - Reading all associations by author id
2021-05-12 13:47:13 INFO  AssociateService:47 - Reading all associations by author id
2021-05-12 13:49:04 INFO  AssociateService:47 - Reading all associations by author id
2021-05-12 13:49:38 INFO  AssociateService:47 - Reading all associations by author id
2021-05-12 13:50:29 INFO  AssociateService:47 - Reading all associations by author id
2021-05-12 13:51:42 INFO  AssociateService:47 - Reading all associations by author id
2021-05-12 13:52:32 INFO  AssociateService:47 - Reading all associations by author id
2021-05-12 13:53:23 INFO  AssociateService:52 - Reading all associations by book id
2021-05-12 13:53:44 INFO  AssociateService:18 - Creating association
2021-05-12 13:53:44 INFO  AssociateService:18 - Creating association
2021-05-12 13:53:44 INFO  AssociateService:18 - Creating association
2021-05-12 13:54:21 INFO  AssociateService:18 - Creating association
2021-05-12 13:54:21 INFO  AssociateService:18 - Creating association
2021-05-12 13:54:21 INFO  AssociateService:18 - Creating association
2021-05-12 15:55:47 INFO  BookService:23 - Creating book
2021-05-12 15:56:00 INFO  BookService:73 - Checking if there are books in
2021-05-12 15:56:00 INFO  BookService:53 - Reading all books
2021-05-12 15:56:12 INFO  BookService:73 - Checking if there are books in
2021-05-12 15:56:12 INFO  BookService:53 - Reading all books
2021-05-12 15:56:53 INFO  BookService:73 - Checking if there are books in
2021-05-12 15:56:53 INFO  BookService:53 - Reading all books
2021-05-12 15:56:55 INFO  BookService:73 - Checking if there are books in
2021-05-12 15:56:55 INFO  BookService:67 - Reading book
2021-05-12 15:56:55 INFO  AssociateService:52 - Reading all associations by book id
2021-05-12 15:56:55 INFO  AuthorService:36 - Reading author
2021-05-12 15:56:55 INFO  BookService:73 - Checking if there are books in
2021-05-12 15:56:55 INFO  BookService:53 - Reading all books
2021-05-12 16:02:47 INFO  BookService:73 - Checking if there are books in
2021-05-12 16:02:47 INFO  BookService:53 - Reading all books
2021-05-12 16:02:53 INFO  BookService:73 - Checking if there are books in
2021-05-12 16:02:53 INFO  BookService:53 - Reading all books
2021-05-12 16:02:57 INFO  BookService:73 - Checking if there are books in
2021-05-12 16:02:57 INFO  BookService:67 - Reading book
2021-05-12 16:02:57 INFO  AssociateService:52 - Reading all associations by book id
2021-05-12 16:06:49 INFO  BookService:74 - Checking if there are books in
2021-05-12 16:06:49 INFO  BookService:53 - Reading all books
2021-05-12 16:06:57 INFO  BookService:74 - Checking if there are books in
2021-05-12 16:06:57 INFO  BookService:53 - Reading all books
2021-05-12 16:06:58 INFO  BookService:74 - Checking if there are books in
2021-05-12 16:06:58 INFO  BookService:68 - Reading book
2021-05-12 16:06:58 INFO  AssociateService:52 - Reading all associations by book id
2021-05-12 16:07:52 INFO  BookService:74 - Checking if there are books in
2021-05-12 16:07:52 INFO  BookService:53 - Reading all books
2021-05-12 16:08:12 INFO  BookService:74 - Checking if there are books in
2021-05-12 16:08:12 INFO  BookService:68 - Reading book
2021-05-12 16:09:38 INFO  AssociateService:52 - Reading all associations by book id
2021-05-12 16:10:56 INFO  BookService:75 - Checking if there are books in
2021-05-12 16:10:56 INFO  BookService:53 - Reading all books
2021-05-12 16:10:58 INFO  BookService:75 - Checking if there are books in
2021-05-12 16:10:58 INFO  BookService:69 - Reading book
2021-05-12 16:10:58 INFO  AssociateService:52 - Reading all associations by book id
2021-05-12 16:11:43 INFO  BookService:75 - Checking if there are books in
2021-05-12 16:11:43 INFO  BookService:53 - Reading all books
2021-05-12 16:12:30 INFO  BookService:75 - Checking if there are books in
2021-05-12 16:12:30 INFO  BookService:53 - Reading all books
2021-05-12 17:17:44 INFO  AuthorService:80 - Checking if there are books in db
2021-05-12 17:17:44 INFO  AuthorService:60 - Reading all authors
2021-05-12 17:17:48 INFO  AuthorService:80 - Checking if there are books in db
2021-05-12 17:17:48 INFO  AuthorService:74 - Checking if there is book in db
2021-05-12 17:17:48 INFO  AssociateService:53 - Reading all associated books with author
2021-05-12 17:17:48 INFO  AuthorService:80 - Checking if there are books in db
2021-05-12 17:17:48 INFO  AuthorService:52 - Reading author
2021-05-12 17:18:42 INFO  BookService:83 - Checking if there are books in db
2021-05-12 17:18:42 INFO  BookService:61 - Reading all books
2021-05-12 17:18:45 INFO  BookService:83 - Checking if there are books in db
2021-05-12 17:18:45 INFO  BookService:77 - Checking if there is book in db
2021-05-12 17:18:45 INFO  AssociateService:63 - Reading all associated authors with book
2021-05-12 17:18:45 INFO  BookService:83 - Checking if there are books in db
2021-05-12 17:18:45 INFO  BookService:53 - Reading book
2021-05-12 17:19:25 INFO  BookService:83 - Checking if there are books in db
2021-05-12 17:19:25 INFO  BookService:61 - Reading all books
2021-05-12 17:19:38 INFO  BookService:83 - Checking if there are books in db
2021-05-12 17:19:38 INFO  BookService:77 - Checking if there is book in db
2021-05-12 17:19:42 INFO  AssociateService:63 - Reading all associated authors with book
2021-05-12 17:20:28 INFO  BookService:83 - Checking if there are books in db
2021-05-12 17:20:28 INFO  BookService:53 - Reading book
2021-05-12 17:20:54 INFO  BookService:83 - Checking if there are books in db
2021-05-12 17:20:54 INFO  BookService:61 - Reading all books
2021-05-12 17:22:45 INFO  BookService:83 - Checking if there are books in db
2021-05-12 17:22:45 INFO  BookService:61 - Reading all books
2021-05-12 17:22:47 INFO  BookService:83 - Checking if there are books in db
2021-05-12 17:22:47 INFO  BookService:77 - Checking if there is book in db
2021-05-12 17:22:47 INFO  AssociateService:53 - Reading all associated books with author
2021-05-12 17:22:47 INFO  AuthorService:80 - Checking if there are books in db
2021-05-12 17:22:47 INFO  AuthorService:52 - Reading author
2021-05-12 17:22:53 INFO  BookService:83 - Checking if there are books in db
2021-05-12 17:22:53 INFO  BookService:77 - Checking if there is book in db
2021-05-12 17:22:53 INFO  AssociateService:53 - Reading all associated books with author
2021-05-12 17:22:53 INFO  AuthorService:80 - Checking if there are books in db
2021-05-12 17:22:53 INFO  AuthorService:52 - Reading author
2021-05-12 17:29:05 INFO  BookService:83 - Checking if there are books in db
2021-05-12 17:29:14 INFO  BookService:31 - Creating book
2021-05-12 17:29:18 INFO  BookService:83 - Checking if there are books in db
2021-05-12 17:29:18 INFO  BookService:61 - Reading all books
2021-05-12 17:29:20 INFO  BookService:83 - Checking if there are books in db
2021-05-12 17:29:20 INFO  BookService:77 - Checking if there is book in db
2021-05-12 17:29:20 INFO  AssociateService:53 - Reading all associated books with author
2021-05-12 17:30:14 INFO  BookService:31 - Creating book
2021-05-12 17:30:29 INFO  AuthorService:30 - Creating author
2021-05-12 17:30:38 INFO  AuthorService:80 - Checking if there are books in db
2021-05-12 17:30:38 INFO  AuthorService:60 - Reading all authors
2021-05-12 17:30:41 INFO  AuthorService:80 - Checking if there are books in db
2021-05-12 17:30:41 INFO  AuthorService:74 - Checking if there is book in db
2021-05-12 17:30:41 INFO  AssociateService:63 - Reading all associated authors with book
2021-05-12 17:31:11 INFO  BookService:83 - Checking if there are books in db
2021-05-12 17:32:19 INFO  BookService:31 - Creating book
2021-05-12 17:32:28 INFO  BookService:31 - Creating book
2021-05-12 17:32:43 INFO  AuthorService:30 - Creating author
2021-05-12 17:32:47 INFO  AuthorService:80 - Checking if there are books in db
2021-05-12 17:32:47 INFO  AuthorService:60 - Reading all authors
2021-05-12 17:32:48 INFO  AuthorService:80 - Checking if there are books in db
2021-05-12 17:32:48 INFO  AuthorService:74 - Checking if there is book in db
2021-05-12 17:32:48 INFO  AssociateService:63 - Reading all associated authors with book
2021-05-12 17:32:57 INFO  BookService:83 - Checking if there are books in db
2021-05-12 17:32:57 INFO  BookService:61 - Reading all books
2021-05-12 17:33:00 INFO  BookService:83 - Checking if there are books in db
2021-05-12 17:33:00 INFO  BookService:77 - Checking if there is book in db
2021-05-12 17:33:00 INFO  AssociateService:53 - Reading all associated books with author
2021-05-12 17:33:04 INFO  BookService:83 - Checking if there are books in db
2021-05-12 17:33:04 INFO  BookService:61 - Reading all books
2021-05-12 17:33:06 INFO  BookService:83 - Checking if there are books in db
2021-05-12 17:33:06 INFO  BookService:77 - Checking if there is book in db
2021-05-12 17:33:06 INFO  AssociateService:53 - Reading all associated books with author
2021-05-12 17:34:51 INFO  BookService:83 - Checking if there are books in db
2021-05-12 17:34:51 INFO  BookService:61 - Reading all books
2021-05-12 17:35:02 INFO  BookService:31 - Creating book
2021-05-13 13:06:55 INFO  BookService:83 - Checking if there are books in db
2021-05-13 13:06:55 INFO  BookService:61 - Reading all books
2021-05-13 13:07:01 INFO  AuthorService:80 - Checking if there are books in db
2021-05-13 13:07:01 INFO  AuthorService:60 - Reading all authors
2021-05-13 13:07:05 INFO  AssociateService:24 - Creating association
2021-05-13 13:07:19 INFO  BookService:83 - Checking if there are books in db
2021-05-13 13:07:19 INFO  BookService:61 - Reading all books
2021-05-13 13:07:22 INFO  BookService:83 - Checking if there are books in db
2021-05-13 13:07:22 INFO  BookService:77 - Checking if there is book in db
2021-05-13 13:07:22 INFO  AssociateService:53 - Reading all associated books with author
2021-05-13 13:07:22 INFO  AuthorService:80 - Checking if there are books in db
2021-05-13 13:07:22 INFO  AuthorService:52 - Reading author
2021-05-13 13:07:36 INFO  BookService:83 - Checking if there are books in db
2021-05-13 13:07:36 INFO  BookService:61 - Reading all books
2021-05-13 13:07:40 INFO  BookService:83 - Checking if there are books in db
2021-05-13 13:07:40 INFO  BookService:45 - Deleting book
2021-05-13 13:07:44 INFO  BookService:83 - Checking if there are books in db
2021-05-13 13:07:44 INFO  BookService:61 - Reading all books
2021-05-13 13:27:28 INFO  BookService:83 - Checking if there are books in db
2021-05-13 13:54:44 INFO  BookService:31 - Creating book
2021-05-13 13:54:44 INFO  AuthorService:30 - Creating author
2021-05-13 13:54:44 INFO  BookService:31 - Creating book
2021-05-13 13:54:44 INFO  AuthorService:30 - Creating author
2021-05-13 13:54:44 INFO  BookService:31 - Creating book
2021-05-13 13:54:44 INFO  AuthorService:30 - Creating author
2021-05-13 13:54:44 INFO  BookService:31 - Creating book
2021-05-13 13:54:44 INFO  AuthorService:30 - Creating author
2021-05-13 13:54:44 INFO  BookService:31 - Creating book
2021-05-13 13:54:44 INFO  AuthorService:30 - Creating author
2021-05-13 13:54:44 INFO  BookService:83 - Checking if there are books in db
2021-05-13 13:54:44 INFO  AuthorService:80 - Checking if there are books in db
2021-05-13 13:54:44 INFO  AuthorService:30 - Creating author
2021-05-13 14:00:50 INFO  BookService:31 - Creating book
2021-05-13 14:00:50 INFO  AuthorService:30 - Creating author
2021-05-13 14:00:50 INFO  BookService:31 - Creating book
2021-05-13 14:00:50 INFO  AuthorService:30 - Creating author
2021-05-13 14:00:50 INFO  BookService:31 - Creating book
2021-05-13 14:00:50 INFO  AuthorService:30 - Creating author
2021-05-13 14:00:50 INFO  BookService:31 - Creating book
2021-05-13 14:00:50 INFO  AuthorService:30 - Creating author
2021-05-13 14:00:50 INFO  BookService:31 - Creating book
2021-05-13 14:00:50 INFO  AuthorService:30 - Creating author
2021-05-13 14:00:50 INFO  BookService:83 - Checking if there are books in db
2021-05-13 14:00:50 INFO  AuthorService:80 - Checking if there are books in db
2021-05-13 14:00:50 INFO  AuthorService:30 - Creating author
2021-05-13 14:00:51 INFO  BookService:31 - Creating book
2021-05-13 14:00:51 INFO  AssociateService:24 - Creating association
2021-05-13 14:01:24 INFO  BookService:31 - Creating book
2021-05-13 14:01:24 INFO  AuthorService:30 - Creating author
2021-05-13 14:01:24 INFO  BookService:31 - Creating book
2021-05-13 14:01:24 INFO  AuthorService:30 - Creating author
2021-05-13 14:01:24 INFO  BookService:31 - Creating book
2021-05-13 14:01:24 INFO  AuthorService:30 - Creating author
2021-05-13 14:01:24 INFO  BookService:31 - Creating book
2021-05-13 14:01:24 INFO  AuthorService:30 - Creating author
2021-05-13 14:01:24 INFO  BookService:31 - Creating book
2021-05-13 14:01:24 INFO  AuthorService:30 - Creating author
2021-05-13 14:01:24 INFO  BookService:83 - Checking if there are books in db
2021-05-13 14:01:24 INFO  AuthorService:80 - Checking if there are books in db
2021-05-13 14:01:24 INFO  AuthorService:30 - Creating author
2021-05-13 14:04:14 INFO  BookService:31 - Creating book
2021-05-13 14:04:14 INFO  AuthorService:30 - Creating author
2021-05-13 14:04:14 INFO  BookService:31 - Creating book
2021-05-13 14:04:14 INFO  AuthorService:30 - Creating author
2021-05-13 14:04:14 INFO  BookService:31 - Creating book
2021-05-13 14:04:14 INFO  AuthorService:30 - Creating author
2021-05-13 14:04:14 INFO  BookService:31 - Creating book
2021-05-13 14:04:14 INFO  AuthorService:30 - Creating author
2021-05-13 14:04:14 INFO  BookService:31 - Creating book
2021-05-13 14:04:14 INFO  AuthorService:30 - Creating author
2021-05-13 14:04:14 INFO  BookService:83 - Checking if there are books in db
2021-05-13 14:04:14 INFO  AuthorService:80 - Checking if there are books in db
2021-05-13 14:04:14 INFO  AuthorService:30 - Creating author
2021-05-13 14:04:14 INFO  BookService:31 - Creating book
2021-05-13 14:04:14 INFO  AssociateService:24 - Creating association
2021-05-13 14:04:48 INFO  BookService:31 - Creating book
2021-05-13 14:04:48 INFO  AuthorService:30 - Creating author
2021-05-13 14:04:48 INFO  BookService:31 - Creating book
2021-05-13 14:04:48 INFO  AuthorService:30 - Creating author
2021-05-13 14:04:48 INFO  BookService:31 - Creating book
2021-05-13 14:04:48 INFO  AuthorService:30 - Creating author
2021-05-13 14:04:48 INFO  BookService:31 - Creating book
2021-05-13 14:04:48 INFO  AuthorService:30 - Creating author
2021-05-13 14:04:48 INFO  BookService:31 - Creating book
2021-05-13 14:04:48 INFO  AuthorService:30 - Creating author
2021-05-13 14:04:48 INFO  BookService:83 - Checking if there are books in db
2021-05-13 14:04:48 INFO  AuthorService:80 - Checking if there are books in db
2021-05-13 14:04:48 INFO  AuthorService:30 - Creating author
2021-05-13 14:04:48 INFO  BookService:31 - Creating book
2021-05-13 14:04:48 INFO  AssociateService:24 - Creating association
2021-05-13 14:05:06 INFO  BookService:83 - Checking if there are books in db
2021-05-13 14:05:06 INFO  BookService:61 - Reading all books
2021-05-13 14:05:54 INFO  BookService:31 - Creating book
2021-05-13 14:07:09 INFO  BookService:31 - Creating book
2021-05-13 14:08:02 INFO  BookService:31 - Creating book
2021-05-13 14:17:38 INFO  BookService:83 - Checking if there are books in db
2021-05-13 14:17:38 INFO  BookService:61 - Reading all books
2021-05-13 14:20:09 INFO  BookService:31 - Creating book
2021-05-13 14:20:11 INFO  BookService:83 - Checking if there are books in db
2021-05-13 14:20:11 INFO  BookService:61 - Reading all books
2021-05-13 14:21:43 INFO  BookService:31 - Creating book
2021-05-13 14:21:43 INFO  AuthorService:30 - Creating author
2021-05-13 14:21:43 INFO  BookService:31 - Creating book
2021-05-13 14:21:43 INFO  AuthorService:30 - Creating author
2021-05-13 14:21:43 INFO  BookService:31 - Creating book
2021-05-13 14:21:43 INFO  AuthorService:30 - Creating author
2021-05-13 14:21:43 INFO  BookService:31 - Creating book
2021-05-13 14:21:43 INFO  AuthorService:30 - Creating author
2021-05-13 14:21:43 INFO  BookService:31 - Creating book
2021-05-13 14:21:43 INFO  AuthorService:30 - Creating author
2021-05-13 14:21:43 INFO  BookService:83 - Checking if there are books in db
2021-05-13 14:21:43 INFO  AuthorService:80 - Checking if there are books in db
2021-05-13 14:21:43 INFO  AuthorService:30 - Creating author
2021-05-13 14:21:43 INFO  BookService:31 - Creating book
2021-05-13 14:21:43 INFO  AssociateService:24 - Creating association
2021-05-13 14:22:51 INFO  BookService:31 - Creating book
2021-05-13 14:22:51 INFO  AuthorService:30 - Creating author
2021-05-13 14:22:51 INFO  BookService:31 - Creating book
2021-05-13 14:22:51 INFO  AuthorService:30 - Creating author
2021-05-13 14:22:51 INFO  BookService:31 - Creating book
2021-05-13 14:22:51 INFO  AuthorService:30 - Creating author
2021-05-13 14:22:51 INFO  BookService:31 - Creating book
2021-05-13 14:22:51 INFO  AuthorService:30 - Creating author
2021-05-13 14:22:51 INFO  BookService:31 - Creating book
2021-05-13 14:22:51 INFO  AuthorService:30 - Creating author
2021-05-13 14:22:51 INFO  BookService:83 - Checking if there are books in db
2021-05-13 14:22:51 INFO  AuthorService:80 - Checking if there are books in db
2021-05-13 14:22:51 INFO  AuthorService:30 - Creating author
2021-05-13 14:22:51 INFO  BookService:31 - Creating book
2021-05-13 14:22:51 INFO  AssociateService:24 - Creating association
2021-05-13 14:24:08 INFO  BookService:31 - Creating book
2021-05-13 14:24:09 INFO  AuthorService:30 - Creating author
2021-05-13 14:24:09 INFO  BookService:31 - Creating book
2021-05-13 14:24:09 INFO  AuthorService:30 - Creating author
2021-05-13 14:24:09 INFO  BookService:31 - Creating book
2021-05-13 14:24:09 INFO  AuthorService:30 - Creating author
2021-05-13 14:24:09 INFO  BookService:31 - Creating book
2021-05-13 14:24:09 INFO  AuthorService:30 - Creating author
2021-05-13 14:24:09 INFO  BookService:31 - Creating book
2021-05-13 14:24:09 INFO  AuthorService:30 - Creating author
2021-05-13 14:24:09 INFO  BookService:83 - Checking if there are books in db
2021-05-13 14:24:09 INFO  AuthorService:80 - Checking if there are books in db
2021-05-13 14:24:09 INFO  AuthorService:30 - Creating author
2021-05-13 14:24:09 INFO  BookService:31 - Creating book
2021-05-13 14:24:09 INFO  AssociateService:24 - Creating association
2021-05-13 14:42:54 INFO  BookService:31 - Creating book
2021-05-13 14:42:54 INFO  AuthorService:30 - Creating author
2021-05-13 14:42:54 INFO  BookService:31 - Creating book
2021-05-13 14:42:54 INFO  AuthorService:30 - Creating author
2021-05-13 14:42:54 INFO  BookService:31 - Creating book
2021-05-13 14:42:54 INFO  AuthorService:30 - Creating author
2021-05-13 14:42:54 INFO  BookService:31 - Creating book
2021-05-13 14:42:54 INFO  AuthorService:30 - Creating author
2021-05-13 14:42:54 INFO  BookService:31 - Creating book
2021-05-13 14:42:54 INFO  AuthorService:30 - Creating author
2021-05-13 14:42:54 INFO  BookService:83 - Checking if there are books in db
2021-05-13 14:42:54 INFO  AuthorService:80 - Checking if there are books in db
2021-05-13 14:42:54 INFO  AuthorService:30 - Creating author
2021-05-13 14:42:54 INFO  BookService:31 - Creating book
2021-05-13 14:42:54 INFO  AssociateService:24 - Creating association
2021-05-13 14:42:54 INFO  AuthorService:80 - Checking if there are books in db
2021-05-13 14:42:54 INFO  AuthorService:44 - Deleting author
2021-05-13 14:42:54 INFO  AuthorService:80 - Checking if there are books in db
2021-05-13 14:42:54 INFO  AuthorService:44 - Deleting author
2021-05-13 14:42:54 INFO  AuthorService:80 - Checking if there are books in db
2021-05-13 14:42:54 INFO  AuthorService:44 - Deleting author
2021-05-13 14:42:54 INFO  AuthorService:80 - Checking if there are books in db
2021-05-13 14:42:54 INFO  AuthorService:44 - Deleting author
2021-05-13 14:42:54 INFO  AuthorService:80 - Checking if there are books in db
2021-05-13 14:42:54 INFO  AuthorService:44 - Deleting author
2021-05-13 14:42:54 INFO  BookService:83 - Checking if there are books in db
2021-05-13 14:42:54 INFO  BookService:45 - Deleting book
2021-05-13 14:42:54 INFO  BookService:83 - Checking if there are books in db
2021-05-13 14:42:54 INFO  BookService:45 - Deleting book
2021-05-13 14:42:54 INFO  BookService:83 - Checking if there are books in db
2021-05-13 14:42:54 INFO  BookService:45 - Deleting book
2021-05-13 14:42:54 INFO  BookService:83 - Checking if there are books in db
2021-05-13 14:42:54 INFO  BookService:45 - Deleting book
2021-05-13 14:42:54 INFO  BookService:83 - Checking if there are books in db
2021-05-13 14:42:54 INFO  BookService:45 - Deleting book
2021-05-13 14:43:40 INFO  BookService:31 - Creating book
2021-05-13 14:43:40 INFO  AuthorService:30 - Creating author
2021-05-13 14:43:40 INFO  BookService:31 - Creating book
2021-05-13 14:43:40 INFO  AuthorService:30 - Creating author
2021-05-13 14:43:40 INFO  BookService:31 - Creating book
2021-05-13 14:43:40 INFO  AuthorService:30 - Creating author
2021-05-13 14:43:40 INFO  BookService:31 - Creating book
2021-05-13 14:43:40 INFO  AuthorService:30 - Creating author
2021-05-13 14:43:40 INFO  BookService:31 - Creating book
2021-05-13 14:43:40 INFO  AuthorService:30 - Creating author
2021-05-13 14:43:40 INFO  BookService:83 - Checking if there are books in db
2021-05-13 14:43:40 INFO  AuthorService:80 - Checking if there are books in db
2021-05-13 14:43:40 INFO  AuthorService:30 - Creating author
2021-05-13 14:43:40 INFO  BookService:31 - Creating book
2021-05-13 14:43:40 INFO  AssociateService:24 - Creating association
2021-05-13 14:43:40 INFO  AuthorService:80 - Checking if there are books in db
2021-05-13 14:43:40 INFO  AuthorService:44 - Deleting author
2021-05-13 14:43:40 INFO  AuthorService:80 - Checking if there are books in db
2021-05-13 14:43:40 INFO  AuthorService:44 - Deleting author
2021-05-13 14:43:40 INFO  AuthorService:80 - Checking if there are books in db
2021-05-13 14:43:40 INFO  AuthorService:44 - Deleting author
2021-05-13 14:43:40 INFO  AuthorService:80 - Checking if there are books in db
2021-05-13 14:43:40 INFO  AuthorService:44 - Deleting author
2021-05-13 14:43:40 INFO  AuthorService:80 - Checking if there are books in db
2021-05-13 14:43:40 INFO  AuthorService:44 - Deleting author
2021-05-13 14:43:40 INFO  AuthorService:80 - Checking if there are books in db
2021-05-13 14:43:40 INFO  AuthorService:44 - Deleting author
2021-05-13 14:43:40 INFO  BookService:83 - Checking if there are books in db
2021-05-13 14:43:40 INFO  BookService:45 - Deleting book
2021-05-13 14:43:40 INFO  BookService:83 - Checking if there are books in db
2021-05-13 14:43:40 INFO  BookService:45 - Deleting book
2021-05-13 14:43:40 INFO  BookService:83 - Checking if there are books in db
2021-05-13 14:43:40 INFO  BookService:45 - Deleting book
2021-05-13 14:43:40 INFO  BookService:83 - Checking if there are books in db
2021-05-13 14:43:40 INFO  BookService:45 - Deleting book
2021-05-13 14:43:40 INFO  BookService:83 - Checking if there are books in db
2021-05-13 14:43:40 INFO  BookService:45 - Deleting book
2021-05-13 14:43:40 INFO  BookService:83 - Checking if there are books in db
2021-05-13 14:43:40 INFO  BookService:45 - Deleting book
2021-05-13 14:43:57 INFO  BookService:31 - Creating book
2021-05-13 14:43:57 INFO  AuthorService:30 - Creating author
2021-05-13 14:43:57 INFO  BookService:31 - Creating book
2021-05-13 14:43:57 INFO  AuthorService:30 - Creating author
2021-05-13 14:43:57 INFO  BookService:31 - Creating book
2021-05-13 14:43:57 INFO  AuthorService:30 - Creating author
2021-05-13 14:43:57 INFO  BookService:31 - Creating book
2021-05-13 14:43:57 INFO  AuthorService:30 - Creating author
2021-05-13 14:43:57 INFO  BookService:31 - Creating book
2021-05-13 14:43:57 INFO  AuthorService:30 - Creating author
2021-05-13 14:43:57 INFO  BookService:83 - Checking if there are books in db
2021-05-13 14:43:57 INFO  AuthorService:80 - Checking if there are books in db
2021-05-13 14:43:57 INFO  AuthorService:30 - Creating author
2021-05-13 14:43:57 INFO  BookService:31 - Creating book
2021-05-13 14:43:57 INFO  AssociateService:24 - Creating association
2021-05-13 14:43:57 INFO  AuthorService:80 - Checking if there are books in db
2021-05-13 14:43:57 INFO  AuthorService:44 - Deleting author
2021-05-13 14:43:57 INFO  AuthorService:80 - Checking if there are books in db
2021-05-13 14:43:57 INFO  AuthorService:44 - Deleting author
2021-05-13 14:43:57 INFO  AuthorService:80 - Checking if there are books in db
2021-05-13 14:43:57 INFO  AuthorService:44 - Deleting author
2021-05-13 14:43:57 INFO  AuthorService:80 - Checking if there are books in db
2021-05-13 14:43:57 INFO  AuthorService:44 - Deleting author
2021-05-13 14:43:57 INFO  AuthorService:80 - Checking if there are books in db
2021-05-13 14:43:57 INFO  AuthorService:44 - Deleting author
2021-05-13 14:43:57 INFO  AuthorService:80 - Checking if there are books in db
2021-05-13 14:43:57 INFO  AuthorService:44 - Deleting author
2021-05-13 14:43:57 INFO  BookService:83 - Checking if there are books in db
2021-05-13 14:43:57 INFO  BookService:45 - Deleting book
2021-05-13 14:43:57 INFO  BookService:83 - Checking if there are books in db
2021-05-13 14:43:57 INFO  BookService:45 - Deleting book
2021-05-13 14:43:57 INFO  BookService:83 - Checking if there are books in db
2021-05-13 14:43:57 INFO  BookService:45 - Deleting book
2021-05-13 14:43:57 INFO  BookService:83 - Checking if there are books in db
2021-05-13 14:43:57 INFO  BookService:45 - Deleting book
2021-05-13 14:43:57 INFO  BookService:83 - Checking if there are books in db
2021-05-13 14:43:57 INFO  BookService:45 - Deleting book
2021-05-13 14:43:57 INFO  BookService:83 - Checking if there are books in db
2021-05-13 14:43:57 INFO  BookService:45 - Deleting book
2021-05-13 14:51:40 INFO  BookService:31 - Creating book
2021-05-13 14:51:40 INFO  AuthorService:30 - Creating author
2021-05-13 14:51:40 INFO  BookService:31 - Creating book
2021-05-13 14:51:40 INFO  AuthorService:30 - Creating author
2021-05-13 14:51:40 INFO  BookService:31 - Creating book
2021-05-13 14:51:40 INFO  AuthorService:30 - Creating author
2021-05-13 14:51:40 INFO  BookService:31 - Creating book
2021-05-13 14:51:40 INFO  AuthorService:30 - Creating author
2021-05-13 14:51:40 INFO  BookService:31 - Creating book
2021-05-13 14:51:40 INFO  AuthorService:30 - Creating author
2021-05-13 14:51:40 INFO  BookService:83 - Checking if there are books in db
2021-05-13 14:51:40 INFO  AuthorService:80 - Checking if there are books in db
2021-05-13 14:51:40 INFO  AuthorService:30 - Creating author
2021-05-13 14:51:40 INFO  BookService:31 - Creating book
2021-05-13 14:51:40 INFO  AssociateService:24 - Creating association
2021-05-13 14:51:40 INFO  AuthorService:80 - Checking if there are books in db
2021-05-13 14:51:40 INFO  AuthorService:52 - Reading author
2021-05-13 14:51:40 INFO  AuthorService:80 - Checking if there are books in db
2021-05-13 14:51:40 INFO  AuthorService:37 - Updating author
2021-05-13 14:51:40 INFO  BookService:83 - Checking if there are books in db
2021-05-13 14:51:40 INFO  BookService:53 - Reading book
2021-05-13 14:51:40 INFO  BookService:83 - Checking if there are books in db
2021-05-13 14:51:40 INFO  BookService:38 - Updating book
2021-05-13 14:51:40 INFO  AuthorService:80 - Checking if there are books in db
2021-05-13 14:51:40 INFO  AuthorService:44 - Deleting author
2021-05-13 14:51:40 INFO  BookService:83 - Checking if there are books in db
2021-05-13 14:51:40 INFO  BookService:45 - Deleting book
2021-05-13 14:51:40 INFO  AuthorService:80 - Checking if there are books in db
2021-05-13 14:51:40 INFO  AuthorService:44 - Deleting author
2021-05-13 14:51:40 INFO  AuthorService:80 - Checking if there are books in db
2021-05-13 14:51:40 INFO  AuthorService:44 - Deleting author
2021-05-13 14:51:40 INFO  AuthorService:80 - Checking if there are books in db
2021-05-13 14:51:40 INFO  AuthorService:44 - Deleting author
2021-05-13 14:51:40 INFO  AuthorService:80 - Checking if there are books in db
2021-05-13 14:51:40 INFO  AuthorService:44 - Deleting author
2021-05-13 14:51:40 INFO  AuthorService:80 - Checking if there are books in db
2021-05-13 14:51:40 INFO  AuthorService:44 - Deleting author
2021-05-13 14:51:40 INFO  BookService:83 - Checking if there are books in db
2021-05-13 14:51:40 INFO  BookService:45 - Deleting book
2021-05-13 14:51:40 INFO  BookService:83 - Checking if there are books in db
2021-05-13 14:51:40 INFO  BookService:45 - Deleting book
2021-05-13 14:51:40 INFO  BookService:83 - Checking if there are books in db
2021-05-13 14:51:40 INFO  BookService:45 - Deleting book
2021-05-13 14:51:40 INFO  BookService:83 - Checking if there are books in db
2021-05-13 14:51:40 INFO  BookService:45 - Deleting book
2021-05-13 14:51:40 INFO  BookService:83 - Checking if there are books in db
2021-05-13 14:51:40 INFO  BookService:45 - Deleting book
2021-05-13 21:51:44 INFO  BookService:31 - Creating book
2021-05-13 21:51:44 INFO  AuthorService:30 - Creating author
2021-05-13 21:51:44 INFO  BookService:31 - Creating book
2021-05-13 21:51:44 INFO  AuthorService:30 - Creating author
2021-05-13 21:51:44 INFO  BookService:31 - Creating book
2021-05-13 21:51:44 INFO  AuthorService:30 - Creating author
2021-05-13 21:51:44 INFO  BookService:31 - Creating book
2021-05-13 21:51:44 INFO  AuthorService:30 - Creating author
2021-05-13 21:51:44 INFO  BookService:31 - Creating book
2021-05-13 21:51:44 INFO  AuthorService:30 - Creating author
2021-05-13 21:51:44 INFO  BookService:83 - Checking if there are books in db
2021-05-13 21:51:44 INFO  AuthorService:80 - Checking if there are books in db
2021-05-13 21:51:44 INFO  AuthorService:30 - Creating author
2021-05-13 21:51:44 INFO  BookService:31 - Creating book
2021-05-13 21:51:44 INFO  AssociateService:24 - Creating association
2021-05-13 21:51:44 INFO  AuthorService:80 - Checking if there are books in db
2021-05-13 21:51:44 INFO  AuthorService:52 - Reading author
2021-05-13 21:51:44 INFO  AuthorService:80 - Checking if there are books in db
2021-05-13 21:51:44 INFO  AuthorService:37 - Updating author
2021-05-13 21:51:44 INFO  BookService:83 - Checking if there are books in db
2021-05-13 21:51:44 INFO  BookService:53 - Reading book
2021-05-13 21:51:44 INFO  BookService:83 - Checking if there are books in db
2021-05-13 21:51:44 INFO  BookService:38 - Updating book
2021-05-13 21:51:44 INFO  AuthorService:80 - Checking if there are books in db
2021-05-13 21:51:44 INFO  AuthorService:44 - Deleting author
2021-05-13 21:51:44 INFO  BookService:83 - Checking if there are books in db
2021-05-13 21:51:44 INFO  BookService:45 - Deleting book
2021-05-13 21:51:44 INFO  AuthorService:80 - Checking if there are books in db
2021-05-13 21:51:44 INFO  AuthorService:44 - Deleting author
2021-05-13 21:51:44 INFO  AuthorService:80 - Checking if there are books in db
2021-05-13 21:51:44 INFO  AuthorService:44 - Deleting author
2021-05-13 21:51:44 INFO  AuthorService:80 - Checking if there are books in db
2021-05-13 21:51:44 INFO  AuthorService:44 - Deleting author
2021-05-13 21:51:44 INFO  AuthorService:80 - Checking if there are books in db
2021-05-13 21:51:44 INFO  AuthorService:44 - Deleting author
2021-05-13 21:51:44 INFO  AuthorService:80 - Checking if there are books in db
2021-05-13 21:51:44 INFO  AuthorService:44 - Deleting author
2021-05-13 21:51:45 INFO  BookService:83 - Checking if there are books in db
2021-05-13 21:51:45 INFO  BookService:45 - Deleting book
2021-05-13 21:51:45 INFO  BookService:83 - Checking if there are books in db
2021-05-13 21:51:45 INFO  BookService:45 - Deleting book
2021-05-13 21:51:45 INFO  BookService:83 - Checking if there are books in db
2021-05-13 21:51:45 INFO  BookService:45 - Deleting book
2021-05-13 21:51:45 INFO  BookService:83 - Checking if there are books in db
2021-05-13 21:51:45 INFO  BookService:45 - Deleting book
2021-05-13 21:51:45 INFO  BookService:83 - Checking if there are books in db
2021-05-13 21:51:45 INFO  BookService:45 - Deleting book
2021-05-28 17:06:30 INFO  BookService:31 - Creating book
2021-05-28 17:06:31 INFO  AuthorService:30 - Creating author
2021-05-28 17:06:35 INFO  BookService:31 - Creating book
2021-05-28 17:06:35 INFO  AuthorService:30 - Creating author
2021-05-28 17:06:36 INFO  BookService:31 - Creating book
2021-05-28 17:06:37 INFO  AuthorService:30 - Creating author
2021-05-28 17:06:38 INFO  BookService:31 - Creating book
2021-05-28 17:06:38 INFO  AuthorService:30 - Creating author
2021-05-28 17:06:40 INFO  BookService:31 - Creating book
2021-05-28 17:06:41 INFO  AuthorService:30 - Creating author
2021-05-28 17:06:41 INFO  BookService:83 - Checking if there are books in db
2021-05-28 17:06:41 INFO  AuthorService:80 - Checking if there are books in db
2021-05-28 17:06:47 INFO  AuthorService:80 - Checking if there are books in db
2021-05-28 17:06:47 INFO  AuthorService:52 - Reading author
2021-05-28 17:06:56 INFO  AuthorService:80 - Checking if there are books in db
2021-05-28 17:06:57 INFO  AuthorService:37 - Updating author
