2021-06-27 18:16:08 INFO  Horse:33 - Third started!
2021-06-27 18:16:10 INFO  Horse:33 - Fifth started!
2021-06-27 18:16:10 INFO  Horse:33 - Fourth started!
2021-06-27 18:16:10 INFO  Horse:33 - Second started!
2021-06-27 18:16:10 INFO  Horse:33 - First started!
2021-06-27 18:16:10 INFO  Horse:33 - Sixth started!
2021-06-27 18:16:14 INFO  Horse:38 - Firstfinished
2021-06-27 18:16:14 INFO  Horse:38 - Fourthfinished
2021-06-27 18:16:14 INFO  Horse:38 - Secondfinished
2021-06-27 18:16:14 INFO  Horse:38 - Thirdfinished
2021-06-27 18:16:14 INFO  Horse:38 - Sixthfinished
2021-06-27 18:16:15 INFO  Horse:38 - Fifthfinished
2021-06-27 18:18:16 INFO  Horse:33 - First started!
2021-06-27 18:18:16 INFO  Horse:33 - Third started!
2021-06-27 18:18:16 INFO  Horse:33 - Fourth started!
2021-06-27 18:18:16 INFO  Horse:33 - Sixth started!
2021-06-27 18:18:16 INFO  Horse:33 - Fifth started!
2021-06-27 18:18:16 INFO  Horse:33 - Second started!
2021-06-27 18:18:20 INFO  Horse:38 - Secondfinished
2021-06-27 18:18:20 INFO  Horse:38 - Sixthfinished
2021-06-27 18:18:20 INFO  Horse:38 - Firstfinished
2021-06-27 18:18:20 INFO  Horse:38 - Thirdfinished
2021-06-27 18:18:20 INFO  Horse:38 - Fifthfinished
2021-06-27 18:18:21 INFO  Horse:38 - Fourthfinished
2021-06-27 18:20:53 INFO  Horse:33 - First started!
2021-06-27 18:20:53 INFO  Horse:33 - Fourth started!
2021-06-27 18:20:53 INFO  Horse:33 - Second started!
2021-06-27 18:20:53 INFO  Horse:33 - Fifth started!
2021-06-27 18:20:53 INFO  Horse:33 - Third started!
2021-06-27 18:20:53 INFO  Horse:33 - Sixth started!
2021-06-27 18:20:56 INFO  Horse:38 - Sixthfinished
2021-06-27 18:20:56 INFO  Horse:38 - Secondfinished
2021-06-27 18:20:56 INFO  Horse:38 - Fourthfinished
2021-06-27 18:20:57 INFO  Horse:38 - Firstfinished
2021-06-27 18:20:57 INFO  Horse:38 - Thirdfinished
2021-06-27 18:20:58 INFO  Horse:38 - Fifthfinished
2021-06-27 18:23:52 INFO  Horse:33 - First started!
2021-06-27 18:23:52 INFO  Horse:33 - Third started!
2021-06-27 18:23:52 INFO  Horse:33 - Sixth started!
2021-06-27 18:23:52 INFO  Horse:33 - Fourth started!
2021-06-27 18:23:52 INFO  Horse:33 - Fifth started!
2021-06-27 18:23:52 INFO  Horse:33 - Second started!
2021-06-27 18:23:55 INFO  Horse:38 - Sixthfinished
2021-06-27 18:23:55 INFO  Horse:38 - Firstfinished
2021-06-27 18:23:56 INFO  Horse:38 - Fourthfinished
2021-06-27 18:23:56 INFO  Horse:38 - Fifthfinished
2021-06-27 18:23:57 INFO  Horse:38 - Secondfinished
2021-06-27 18:23:57 INFO  Horse:38 - Thirdfinished
2021-06-27 18:25:11 INFO  Horse:33 - Sixth started!
2021-06-27 18:25:11 INFO  Horse:33 - Fifth started!
2021-06-27 18:25:11 INFO  Horse:33 - Third started!
2021-06-27 18:25:11 INFO  Horse:33 - First started!
2021-06-27 18:25:11 INFO  Horse:33 - Fourth started!
2021-06-27 18:25:11 INFO  Horse:33 - Second started!
2021-06-27 18:25:13 INFO  Horse:38 - Thirdfinished
2021-06-27 18:25:13 INFO  Horse:38 - Fourthfinished
2021-06-27 18:25:13 INFO  Horse:38 - Fifthfinished
2021-06-27 18:25:14 INFO  Horse:38 - Sixthfinished
2021-06-27 18:25:14 INFO  Horse:38 - Firstfinished
2021-06-27 18:25:15 INFO  Horse:38 - Secondfinished
2021-06-27 18:26:38 INFO  Horse:33 - Sixth started!
2021-06-27 18:26:38 INFO  Horse:33 - Second started!
2021-06-27 18:26:38 INFO  Horse:33 - Third started!
2021-06-27 18:26:38 INFO  Horse:33 - Fourth started!
2021-06-27 18:26:38 INFO  Horse:33 - First started!
2021-06-27 18:26:38 INFO  Horse:33 - Fifth started!
2021-06-27 18:26:40 INFO  Horse:38 - Fourthfinished
2021-06-27 18:26:40 INFO  Horse:38 - Thirdfinished
2021-06-27 18:26:41 INFO  Horse:38 - Firstfinished
2021-06-27 18:26:41 INFO  Horse:38 - Sixthfinished
2021-06-27 18:26:41 INFO  Horse:38 - Fifthfinished
2021-06-27 18:26:41 INFO  Horse:38 - Secondfinished
2021-06-27 18:32:09 INFO  Horse:33 - Fifth started!
2021-06-27 18:32:09 INFO  Horse:33 - Third started!
2021-06-27 18:32:09 INFO  Horse:33 - Sixth started!
2021-06-27 18:32:09 INFO  Horse:33 - Second started!
2021-06-27 18:32:09 INFO  Horse:33 - Fourth started!
2021-06-27 18:32:09 INFO  Horse:33 - First started!
2021-06-27 18:32:11 INFO  Horse:38 - Fifthfinished
2021-06-27 18:32:11 INFO  Horse:38 - Firstfinished
2021-06-27 18:32:11 INFO  Horse:38 - Sixthfinished
2021-06-27 18:32:11 INFO  Horse:38 - Thirdfinished
2021-06-27 18:32:12 INFO  Horse:38 - Fourthfinished
2021-06-27 18:32:12 INFO  Horse:38 - Secondfinished
2021-06-27 18:32:36 INFO  Horse:33 - First started!
2021-06-27 18:32:36 INFO  Horse:33 - Third started!
2021-06-27 18:32:36 INFO  Horse:33 - Sixth started!
2021-06-27 18:32:36 INFO  Horse:33 - Fourth started!
2021-06-27 18:32:36 INFO  Horse:33 - Fifth started!
2021-06-27 18:32:36 INFO  Horse:33 - Second started!
2021-06-27 18:32:38 INFO  Horse:38 - Secondfinished
2021-06-27 18:32:39 INFO  Horse:38 - Sixthfinished
2021-06-27 18:32:39 INFO  Horse:38 - Thirdfinished
2021-06-27 18:32:39 INFO  Horse:38 - Fourthfinished
2021-06-27 18:32:40 INFO  Horse:38 - Fifthfinished
2021-06-27 18:32:40 INFO  Horse:38 - Firstfinished
2021-06-27 18:34:09 INFO  Horse:33 - First started!
2021-06-27 18:34:09 INFO  Horse:33 - Third started!
2021-06-27 18:34:09 INFO  Horse:33 - Fourth started!
2021-06-27 18:34:09 INFO  Horse:33 - Fifth started!
2021-06-27 18:34:09 INFO  Horse:33 - Second started!
2021-06-27 18:34:09 INFO  Horse:33 - Sixth started!
2021-06-27 18:34:11 INFO  Horse:38 - Secondfinished
2021-06-27 18:34:11 INFO  Horse:38 - Fifthfinished
2021-06-27 18:34:11 INFO  Horse:38 - Thirdfinished
2021-06-27 18:34:12 INFO  Horse:38 - Firstfinished
2021-06-27 18:34:12 INFO  Horse:38 - Fourthfinished
2021-06-27 18:34:12 INFO  Horse:38 - Sixthfinished
2021-06-27 18:53:28 INFO  Horse:32 - First started!
2021-06-27 18:53:28 INFO  Horse:32 - Second started!
2021-06-27 18:53:28 INFO  Horse:32 - Third started!
2021-06-27 18:53:28 INFO  Horse:32 - Sixth started!
2021-06-27 18:53:28 INFO  Horse:32 - Fourth started!
2021-06-27 18:53:28 INFO  Horse:32 - Fifth started!
2021-06-27 18:55:07 INFO  Horse:32 - Fifth started!
2021-06-27 18:55:07 INFO  Horse:32 - First started!
2021-06-27 18:55:07 INFO  Horse:32 - Second started!
2021-06-27 18:55:07 INFO  Horse:32 - Sixth started!
2021-06-27 18:55:07 INFO  Horse:32 - Third started!
2021-06-27 18:55:07 INFO  Horse:32 - Fourth started!
2021-06-27 18:55:09 INFO  Horse:37 - Thirdfinished
2021-06-27 18:55:09 INFO  Horse:37 - Sixthfinished
2021-06-27 18:55:09 INFO  Horse:37 - Fifthfinished
2021-06-27 18:55:09 INFO  Horse:37 - Fourthfinished
2021-06-27 18:55:10 INFO  Horse:37 - Firstfinished
2021-06-27 18:55:10 INFO  Horse:37 - Secondfinished
2021-06-27 18:55:57 INFO  Horse:32 - First started!
2021-06-27 18:55:57 INFO  Horse:32 - Second started!
2021-06-27 18:55:57 INFO  Horse:32 - Third started!
2021-06-27 18:55:57 INFO  Horse:32 - Sixth started!
2021-06-27 18:55:57 INFO  Horse:32 - Fourth started!
2021-06-27 18:55:57 INFO  Horse:32 - Fifth started!
2021-06-27 18:57:01 INFO  Horse:32 - Fourth started!
2021-06-27 18:57:01 INFO  Horse:32 - Second started!
2021-06-27 18:57:01 INFO  Horse:32 - First started!
2021-06-27 18:57:01 INFO  Horse:32 - Sixth started!
2021-06-27 18:57:01 INFO  Horse:32 - Fifth started!
2021-06-27 18:57:01 INFO  Horse:32 - Third started!
2021-06-27 18:57:05 INFO  Horse:37 - Secondfinished
2021-06-27 18:57:05 INFO  Horse:37 - Sixthfinished
2021-06-27 18:57:05 INFO  Horse:37 - Fifthfinished
2021-06-27 18:57:05 INFO  Horse:37 - Fourthfinished
2021-06-27 18:57:05 INFO  Horse:37 - Thirdfinished
2021-06-27 18:57:06 INFO  Horse:37 - Firstfinished
2021-06-27 18:57:30 INFO  Horse:32 - First started!
2021-06-27 18:57:30 INFO  Horse:32 - Third started!
2021-06-27 18:57:30 INFO  Horse:32 - Sixth started!
2021-06-27 18:57:30 INFO  Horse:32 - Second started!
2021-06-27 18:57:30 INFO  Horse:32 - Fourth started!
2021-06-27 18:57:30 INFO  Horse:32 - Fifth started!
2021-06-27 18:57:33 INFO  Horse:37 - Fourthfinished
2021-06-27 18:57:33 INFO  Horse:37 - Thirdfinished
2021-06-27 18:57:33 INFO  Horse:37 - Secondfinished
2021-06-27 18:57:33 INFO  Horse:37 - Sixthfinished
2021-06-27 18:57:33 INFO  Horse:37 - Firstfinished
2021-06-27 18:57:33 INFO  Horse:37 - Fifthfinished
